[INFO] Scanning for projects...
[INFO] 
[INFO] --------------------< com.app:quranvideogenerator >---------------------
[INFO] Building  0.0.1-SNAPSHOT
[INFO]   from pom.xml
[INFO] --------------------------------[ jar ]---------------------------------
[INFO] 
[INFO] >>> spring-boot:4.0.5:run (default-cli) > test-compile @ quranvideogenerator >>>
[INFO] 
[INFO] --- resources:3.3.1:resources (default-resources) @ quranvideogenerator ---
[INFO] Copying 1 resource from src\main\resources to target\classes
[INFO] Copying 0 resource from src\main\resources to target\classes
[INFO] 
[INFO] --- compiler:3.14.1:compile (default-compile) @ quranvideogenerator ---
[INFO] Nothing to compile - all classes are up to date.
[INFO] 
[INFO] --- resources:3.3.1:testResources (default-testResources) @ quranvideogenerator ---
[INFO] skip non existing resourceDirectory C:\Users\DELL\Downloads\quranvideogenerator\quranvideogenerator\src\test\resources
[INFO] 
[INFO] --- compiler:3.14.1:testCompile (default-testCompile) @ quranvideogenerator ---
[INFO] Nothing to compile - all classes are up to date.
[INFO] 
[INFO] <<< spring-boot:4.0.5:run (default-cli) < test-compile @ quranvideogenerator <<<
[INFO] 
[INFO] 
[INFO] --- spring-boot:4.0.5:run (default-cli) @ quranvideogenerator ---
[INFO] Attaching agents: []

  .   ____          _            __ _ _
 /\\ / ___'_ __ _ _(_)_ __  __ _ \ \ \ \
( ( )\___ | '_ | '_| | '_ \/ _` | \ \ \ \
 \\/  ___)| |_)| | | | | || (_| |  ) ) ) )
  '  |____| .__|_| |_|_| |_\__, | / / / /
 =========|_|==============|___/=/_/_/_/

 :: Spring Boot ::                (v4.0.5)

2026-04-06T12:33:06.455+05:30  INFO 15892 --- [quranvideogenerator] [           main] c.a.q.QuranvideogeneratorApplication     : Starting QuranvideogeneratorApplication using Java 21.0.8 with PID 15892 (C:\Users\DELL\Downloads\quranvideogenerator\quranvideogenerator\target\classes started by DELL in C:\Users\DELL\Downloads\quranvideogenerator\quranvideogenerator)
2026-04-06T12:33:06.463+05:30  INFO 15892 --- [quranvideogenerator] [           main] c.a.q.QuranvideogeneratorApplication     : No active profile set, falling back to 1 default profile: "default"
2026-04-06T12:33:07.952+05:30  INFO 15892 --- [quranvideogenerator] [           main] o.s.boot.tomcat.TomcatWebServer          : Tomcat initialized with port 8080 (http)
2026-04-06T12:33:07.973+05:30  INFO 15892 --- [quranvideogenerator] [           main] o.apache.catalina.core.StandardService   : Starting service [Tomcat]
2026-04-06T12:33:07.973+05:30  INFO 15892 --- [quranvideogenerator] [           main] o.apache.catalina.core.StandardEngine    : Starting Servlet engine: [Apache Tomcat/11.0.20]
2026-04-06T12:33:08.037+05:30  INFO 15892 --- [quranvideogenerator] [           main] b.w.c.s.WebApplicationContextInitializer : Root WebApplicationContext: initialization completed in 1463 ms
2026-04-06T12:33:08.716+05:30  INFO 15892 --- [quranvideogenerator] [           main] o.s.boot.tomcat.TomcatWebServer          : Tomcat started on port 8080 (http) with context path '/'
2026-04-06T12:33:08.727+05:30  INFO 15892 --- [quranvideogenerator] [           main] c.a.q.QuranvideogeneratorApplication     : Started QuranvideogeneratorApplication in 3.178 seconds (process running for 4.101)
2026-04-06T12:33:08.793+05:30  INFO 15892 --- [quranvideogenerator] [nio-8080-exec-1] o.a.c.c.C.[Tomcat].[localhost].[/]       : Initializing Spring DispatcherServlet 'dispatcherServlet'
2026-04-06T12:33:08.793+05:30  INFO 15892 --- [quranvideogenerator] [nio-8080-exec-1] o.s.web.servlet.DispatcherServlet        : Initializing Servlet 'dispatcherServlet'
2026-04-06T12:33:08.795+05:30  INFO 15892 --- [quranvideogenerator] [nio-8080-exec-1] o.s.web.servlet.DispatcherServlet        : Completed initialization in 2 ms
[INFO] ------------------------------------------------------------------------
[INFO] BUILD FAILURE
[INFO] ------------------------------------------------------------------------
[INFO] Total time:  05:03 min
[INFO] Finished at: 2026-04-06T12:38:04+05:30
[INFO] ------------------------------------------------------------------------
[ERROR] Failed to execute goal org.springframework.boot:spring-boot-maven-plugin:4.0.5:run (default-cli) on project quranvideogenerator: Process terminated with exit code: -1 -> [Help 1]
[ERROR] 
[ERROR] To see the full stack trace of the errors, re-run Maven with the -e switch.
[ERROR] Re-run Maven using the -X switch to enable full debug logging.
[ERROR] 
[ERROR] For more information about the errors and possible solutions, please read the following articles:
[ERROR] [Help 1] http://cwiki.apache.org/confluence/display/MAVEN/MojoExecutionException
