[INFO] Scanning for projects...
[INFO] 
[INFO] --------------------< com.app:quranvideogenerator >---------------------
[INFO] Building  0.0.1-SNAPSHOT
[INFO]   from pom.xml
[INFO] --------------------------------[ jar ]---------------------------------
[INFO] 
[INFO] >>> spring-boot:4.0.5:run (default-cli) > test-compile @ quranvideogenerator >>>
[INFO] 
[INFO] --- resources:3.3.1:resources (default-resources) @ quranvideogenerator ---
[INFO] Copying 1 resource from src\main\resources to target\classes
[INFO] Copying 0 resource from src\main\resources to target\classes
[INFO] 
[INFO] --- compiler:3.14.1:compile (default-compile) @ quranvideogenerator ---
[INFO] Nothing to compile - all classes are up to date.
[INFO] 
[INFO] --- resources:3.3.1:testResources (default-testResources) @ quranvideogenerator ---
[INFO] skip non existing resourceDirectory C:\Users\DELL\Downloads\quranvideogenerator\quranvideogenerator\src\test\resources
[INFO] 
[INFO] --- compiler:3.14.1:testCompile (default-testCompile) @ quranvideogenerator ---
[INFO] Nothing to compile - all classes are up to date.
[INFO] 
[INFO] <<< spring-boot:4.0.5:run (default-cli) < test-compile @ quranvideogenerator <<<
[INFO] 
[INFO] 
[INFO] --- spring-boot:4.0.5:run (default-cli) @ quranvideogenerator ---
[INFO] Attaching agents: []

  .   ____          _            __ _ _
 /\\ / ___'_ __ _ _(_)_ __  __ _ \ \ \ \
( ( )\___ | '_ | '_| | '_ \/ _` | \ \ \ \
 \\/  ___)| |_)| | | | | || (_| |  ) ) ) )
  '  |____| .__|_| |_|_| |_\__, | / / / /
 =========|_|==============|___/=/_/_/_/

 :: Spring Boot ::                (v4.0.5)

2026-04-06T13:24:16.262+05:30  INFO 6252 --- [quranvideogenerator] [           main] c.a.q.QuranvideogeneratorApplication     : Starting QuranvideogeneratorApplication using Java 21.0.8 with PID 6252 (C:\Users\DELL\Downloads\quranvideogenerator\quranvideogenerator\target\classes started by DELL in C:\Users\DELL\Downloads\quranvideogenerator\quranvideogenerator)
2026-04-06T13:24:16.267+05:30  INFO 6252 --- [quranvideogenerator] [           main] c.a.q.QuranvideogeneratorApplication     : No active profile set, falling back to 1 default profile: "default"
2026-04-06T13:24:17.289+05:30  INFO 6252 --- [quranvideogenerator] [           main] o.s.boot.tomcat.TomcatWebServer          : Tomcat initialized with port 8080 (http)
2026-04-06T13:24:17.334+05:30  INFO 6252 --- [quranvideogenerator] [           main] o.apache.catalina.core.StandardService   : Starting service [Tomcat]
2026-04-06T13:24:17.335+05:30  INFO 6252 --- [quranvideogenerator] [           main] o.apache.catalina.core.StandardEngine    : Starting Servlet engine: [Apache Tomcat/11.0.20]
2026-04-06T13:24:17.387+05:30  INFO 6252 --- [quranvideogenerator] [           main] b.w.c.s.WebApplicationContextInitializer : Root WebApplicationContext: initialization completed in 1067 ms
2026-04-06T13:24:17.907+05:30  WARN 6252 --- [quranvideogenerator] [           main] ConfigServletWebServerApplicationContext : Exception encountered during context initialization - cancelling refresh attempt: org.springframework.context.ApplicationContextException: Failed to start bean 'webServerStartStop'
2026-04-06T13:24:17.919+05:30  INFO 6252 --- [quranvideogenerator] [           main] .s.b.a.l.ConditionEvaluationReportLogger : 

Error starting ApplicationContext. To display the condition evaluation report re-run your application with 'debug' enabled.
2026-04-06T13:24:17.932+05:30 ERROR 6252 --- [quranvideogenerator] [           main] o.s.b.d.LoggingFailureAnalysisReporter   : 

***************************
APPLICATION FAILED TO START
***************************

Description:

Web server failed to start. Port 8080 was already in use.

Action:

Identify and stop the process that's listening on port 8080 or configure this application to listen on another port.

[INFO] ------------------------------------------------------------------------
[INFO] BUILD FAILURE
[INFO] ------------------------------------------------------------------------
[INFO] Total time:  5.782 s
[INFO] Finished at: 2026-04-06T13:24:18+05:30
[INFO] ------------------------------------------------------------------------
[ERROR] Failed to execute goal org.springframework.boot:spring-boot-maven-plugin:4.0.5:run (default-cli) on project quranvideogenerator: Process terminated with exit code: 1 -> [Help 1]
[ERROR] 
[ERROR] To see the full stack trace of the errors, re-run Maven with the -e switch.
[ERROR] Re-run Maven using the -X switch to enable full debug logging.
[ERROR] 
[ERROR] For more information about the errors and possible solutions, please read the following articles:
[ERROR] [Help 1] http://cwiki.apache.org/confluence/display/MAVEN/MojoExecutionException
